Arguments: 
  /usr/local/bin/node /usr/share/yarn/bin/yarn.js add react-slider-swiper

PATH: 
  /usr/local/sbin:/usr/local/bin:/usr/sbin:/usr/bin:/sbin:/bin:/usr/games:/usr/local/games:/snap/bin:/home/law/Android/Sdk/tools:/home/law/Android/Sdk/platform-tools

Yarn version: 
  1.12.3

Node version: 
  11.6.0

Platform: 
  linux x64

Trace: 
  Error: EACCES: permission denied, mkdir '/home/law/workspace/react/chuluuu.github.io/node_modules/@babel/generator/node_modules'

npm manifest: 
  {
    "name": "chuluu",
    "version": "0.1.0",
    "private": true,
    "dependencies": {
      "react": "^16.8.4",
      "react-bootstrap": "^1.0.0-beta.5",
      "react-dom": "^16.8.4",
      "react-scripts": "2.1.8",
      "react-slick": "^0.23.2",
      "react-slideshow-image": "^1.1.2"
    },
    "scripts": {
      "start": "react-scripts start",
      "build": "react-scripts build",
      "test": "react-scripts test",
      "eject": "react-scripts eject"
    },
    "eslintConfig": {
      "extends": "react-app"
    },
    "browserslist": [
      ">0.2%",
      "not dead",
      "not ie <= 11",
      "not op_mini all"
    ]
  }

yarn manifest: 
  No manifest

Lockfile: 
  No lockfile
